0 info it worked if it ends with ok
1 verbose cli [ 'node', '/usr/local/bin/npm', 'install', '-g', 'requirejs' ]
2 info using npm@1.4.28
3 info using node@v0.10.35
4 verbose cache add [ 'requirejs', null ]
5 verbose cache add name=undefined spec="requirejs" args=["requirejs",null]
6 verbose parsed url { protocol: null,
6 verbose parsed url   slashes: null,
6 verbose parsed url   auth: null,
6 verbose parsed url   host: null,
6 verbose parsed url   port: null,
6 verbose parsed url   hostname: null,
6 verbose parsed url   hash: null,
6 verbose parsed url   search: null,
6 verbose parsed url   query: null,
6 verbose parsed url   pathname: 'requirejs',
6 verbose parsed url   path: 'requirejs',
6 verbose parsed url   href: 'requirejs' }
7 silly lockFile f2b16c35-requirejs requirejs
8 verbose lock requirejs /Users/lionelbertrand/.npm/f2b16c35-requirejs.lock
9 silly lockFile f2b16c35-requirejs requirejs
10 silly lockFile f2b16c35-requirejs requirejs
11 verbose addNamed [ 'requirejs', '' ]
12 verbose addNamed [ null, '*' ]
13 silly lockFile e9b02655-requirejs requirejs@
14 verbose lock requirejs@ /Users/lionelbertrand/.npm/e9b02655-requirejs.lock
15 silly addNameRange { name: 'requirejs', range: '*', hasData: false }
16 verbose request where is /requirejs
17 verbose request registry https://registry.npmjs.org/
18 verbose request id 7e4701dd96c171aa
19 verbose url raw /requirejs
20 verbose url resolving [ 'https://registry.npmjs.org/', './requirejs' ]
21 verbose url resolved https://registry.npmjs.org/requirejs
22 verbose request where is https://registry.npmjs.org/requirejs
23 info trying registry request attempt 1 at 15:43:47
24 verbose etag "YGFBP81P48NLE1E8AMS05FRB"
25 http GET https://registry.npmjs.org/requirejs
26 http 304 https://registry.npmjs.org/requirejs
27 silly registry.get cb [ 304,
27 silly registry.get   { date: 'Sat, 22 Aug 2015 13:43:47 GMT',
27 silly registry.get     via: '1.1 varnish',
27 silly registry.get     'cache-control': 'max-age=60',
27 silly registry.get     etag: '"YGFBP81P48NLE1E8AMS05FRB"',
27 silly registry.get     age: '31',
27 silly registry.get     connection: 'keep-alive',
27 silly registry.get     'x-served-by': 'cache-ams4143-AMS',
27 silly registry.get     'x-cache': 'HIT',
27 silly registry.get     'x-cache-hits': '1',
27 silly registry.get     'x-timer': 'S1440251027.187015,VS0,VE0',
27 silly registry.get     vary: 'Accept' } ]
28 verbose etag https://registry.npmjs.org/requirejs from cache
29 silly addNameRange number 2 { name: 'requirejs', range: '*', hasData: true }
30 silly addNameRange versions [ 'requirejs',
30 silly addNameRange   [ '0.26.0',
30 silly addNameRange     '0.27.0',
30 silly addNameRange     '0.27.1',
30 silly addNameRange     '1.0.0',
30 silly addNameRange     '1.0.1',
30 silly addNameRange     '1.0.2',
30 silly addNameRange     '1.0.3',
30 silly addNameRange     '1.0.4',
30 silly addNameRange     '1.0.5',
30 silly addNameRange     '1.0.6',
30 silly addNameRange     '1.0.7',
30 silly addNameRange     '1.0.8',
30 silly addNameRange     '2.0.0',
30 silly addNameRange     '2.0.1',
30 silly addNameRange     '2.0.2',
30 silly addNameRange     '2.0.3',
30 silly addNameRange     '2.0.4',
30 silly addNameRange     '2.0.5',
30 silly addNameRange     '2.0.6',
30 silly addNameRange     '2.1.0',
30 silly addNameRange     '2.1.1',
30 silly addNameRange     '2.1.2',
30 silly addNameRange     '2.1.3',
30 silly addNameRange     '2.1.4',
30 silly addNameRange     '2.1.5',
30 silly addNameRange     '2.1.6',
30 silly addNameRange     '2.1.7',
30 silly addNameRange     '2.1.8',
30 silly addNameRange     '2.1.9',
30 silly addNameRange     '2.1.10',
30 silly addNameRange     '2.1.11',
30 silly addNameRange     '2.1.12',
30 silly addNameRange     '2.1.13',
30 silly addNameRange     '2.1.14',
30 silly addNameRange     '2.1.15',
30 silly addNameRange     '2.1.16',
30 silly addNameRange     '2.1.17',
30 silly addNameRange     '2.1.18',
30 silly addNameRange     '2.1.19',
30 silly addNameRange     '2.1.20' ] ]
31 verbose addNamed [ 'requirejs', '2.1.20' ]
32 verbose addNamed [ '2.1.20', '2.1.20' ]
33 silly lockFile c70073ca-requirejs-2-1-20 requirejs@2.1.20
34 verbose lock requirejs@2.1.20 /Users/lionelbertrand/.npm/c70073ca-requirejs-2-1-20.lock
35 silly lockFile 0e877a5a-g-requirejs-requirejs-2-1-20-tgz https://registry.npmjs.org/requirejs/-/requirejs-2.1.20.tgz
36 verbose lock https://registry.npmjs.org/requirejs/-/requirejs-2.1.20.tgz /Users/lionelbertrand/.npm/0e877a5a-g-requirejs-requirejs-2-1-20-tgz.lock
37 verbose addRemoteTarball [ 'https://registry.npmjs.org/requirejs/-/requirejs-2.1.20.tgz',
37 verbose addRemoteTarball   '114822c917ec8793450b2daaa1eb9bbf1101e931' ]
38 info retry fetch attempt 1 at 15:43:47
39 verbose fetch to= /var/folders/qv/329g7gh579sc4nmy04jplpz80000gn/T/npm-30528-T3MR0XN7/registry.npmjs.org/requirejs/-/requirejs-2.1.20.tgz
40 http GET https://registry.npmjs.org/requirejs/-/requirejs-2.1.20.tgz
41 http 200 https://registry.npmjs.org/requirejs/-/requirejs-2.1.20.tgz
42 silly lockFile 0e877a5a-g-requirejs-requirejs-2-1-20-tgz https://registry.npmjs.org/requirejs/-/requirejs-2.1.20.tgz
43 silly lockFile 0e877a5a-g-requirejs-requirejs-2-1-20-tgz https://registry.npmjs.org/requirejs/-/requirejs-2.1.20.tgz
44 silly lockFile c70073ca-requirejs-2-1-20 requirejs@2.1.20
45 silly lockFile c70073ca-requirejs-2-1-20 requirejs@2.1.20
46 silly lockFile e9b02655-requirejs requirejs@
47 silly lockFile e9b02655-requirejs requirejs@
48 silly resolved [ { name: 'requirejs',
48 silly resolved     description: 'Node adapter for RequireJS, for loading AMD modules. Includes RequireJS optimizer',
48 silly resolved     version: '2.1.20',
48 silly resolved     homepage: 'http://github.com/jrburke/r.js',
48 silly resolved     author:
48 silly resolved      { name: 'James Burke',
48 silly resolved        email: 'jrburke@gmail.com',
48 silly resolved        url: 'http://github.com/jrburke' },
48 silly resolved     licenses: [ [Object], [Object] ],
48 silly resolved     repository: { type: 'git', url: 'git+https://github.com/jrburke/r.js.git' },
48 silly resolved     main: './bin/r.js',
48 silly resolved     bin: { 'r.js': './bin/r.js' },
48 silly resolved     engines: { node: '>=0.4.0' },
48 silly resolved     bugs: { url: 'https://github.com/jrburke/r.js/issues' },
48 silly resolved     _id: 'requirejs@2.1.20',
48 silly resolved     scripts: {},
48 silly resolved     _shasum: '114822c917ec8793450b2daaa1eb9bbf1101e931',
48 silly resolved     _from: 'requirejs@',
48 silly resolved     _npmVersion: '2.12.1',
48 silly resolved     _nodeVersion: '0.10.36',
48 silly resolved     _npmUser: { name: 'jrburke', email: 'jrburke@gmail.com' },
48 silly resolved     maintainers: [ [Object] ],
48 silly resolved     dist:
48 silly resolved      { shasum: '114822c917ec8793450b2daaa1eb9bbf1101e931',
48 silly resolved        tarball: 'http://registry.npmjs.org/requirejs/-/requirejs-2.1.20.tgz' },
48 silly resolved     directories: {},
48 silly resolved     _resolved: 'https://registry.npmjs.org/requirejs/-/requirejs-2.1.20.tgz' } ]
49 info install requirejs@2.1.20 into /usr/local/lib
50 info installOne requirejs@2.1.20
51 verbose lib/node_modules/requirejs unbuild
52 verbose tar unpack /Users/lionelbertrand/.npm/requirejs/2.1.20/package.tgz
53 silly lockFile 1e7b7797-local-lib-node-modules-requirejs tar:///usr/local/lib/node_modules/requirejs
54 verbose lock tar:///usr/local/lib/node_modules/requirejs /Users/lionelbertrand/.npm/1e7b7797-local-lib-node-modules-requirejs.lock
55 silly lockFile 70a66b4a-npm-requirejs-2-1-20-package-tgz tar:///Users/lionelbertrand/.npm/requirejs/2.1.20/package.tgz
56 verbose lock tar:///Users/lionelbertrand/.npm/requirejs/2.1.20/package.tgz /Users/lionelbertrand/.npm/70a66b4a-npm-requirejs-2-1-20-package-tgz.lock
57 silly gunzTarPerm modes [ '755', '644' ]
58 error Error: EACCES, mkdir '/usr/local/lib/node_modules/requirejs'
58 error  { [Error: EACCES, mkdir '/usr/local/lib/node_modules/requirejs']
58 error   errno: 3,
58 error   code: 'EACCES',
58 error   path: '/usr/local/lib/node_modules/requirejs',
58 error   fstream_type: 'Directory',
58 error   fstream_path: '/usr/local/lib/node_modules/requirejs',
58 error   fstream_class: 'DirWriter',
58 error   fstream_stack:
58 error    [ '/usr/local/lib/node_modules/npm/node_modules/fstream/lib/dir-writer.js:36:23',
58 error      '/usr/local/lib/node_modules/npm/node_modules/mkdirp/index.js:46:53',
58 error      'Object.oncomplete (fs.js:108:15)' ] }
59 error Please try running this command again as root/Administrator.
60 error System Darwin 14.4.0
61 error command "node" "/usr/local/bin/npm" "install" "-g" "requirejs"
62 error cwd /Applications/MAMP/htdocs/locloud/front
63 error node -v v0.10.35
64 error npm -v 1.4.28
65 error path /usr/local/lib/node_modules/requirejs
66 error fstream_path /usr/local/lib/node_modules/requirejs
67 error fstream_type Directory
68 error fstream_class DirWriter
69 error code EACCES
70 error errno 3
71 error stack Error: EACCES, mkdir '/usr/local/lib/node_modules/requirejs'
72 error fstream_stack /usr/local/lib/node_modules/npm/node_modules/fstream/lib/dir-writer.js:36:23
72 error fstream_stack /usr/local/lib/node_modules/npm/node_modules/mkdirp/index.js:46:53
72 error fstream_stack Object.oncomplete (fs.js:108:15)
73 verbose exit [ 3, true ]
